commit 882f98e47163d322ee7e373ee4204883998ed3a7
Author: DixieNormous305 <9406019@alumnos.ufv.es>
Date:   Sat Dec 28 13:37:51 2024 +0100

    correcting changes of stles in about.html page

commit 62e0c002bbfbfde6fcf48667c7b048a705bce8b7
Author: DixieNormous305 <9406019@alumnos.ufv.es>
Date:   Sat Dec 28 13:31:59 2024 +0100

    correcting changes of stles in about.html page

commit afe0d6d7ed269a462c8070116652c820ca6d369c
Author: DixieNormous305 <9406019@alumnos.ufv.es>
Date:   Sat Dec 28 13:29:43 2024 +0100

    correcting changes of stles in about.html page

commit 9d3b966094b4abcbcf79e0e7ff353f500e63aa9f
Author: DixieNormous305 <9406019@alumnos.ufv.es>
Date:   Sat Dec 28 13:18:35 2024 +0100

    correcting changes of stles in about.html page

commit 734c655e0451cebbdcc8a92616465a11b0b10f0b
Author: DixieNormous305 <9406019@alumnos.ufv.es>
Date:   Sat Dec 28 13:14:39 2024 +0100

    correcting changes of stles in about.html page

commit 771db29eb5238317a56a7ce2718672df96e9922c
Author: DixieNormous305 <9406019@alumnos.ufv.es>
Date:   Sat Dec 28 13:09:38 2024 +0100

    correcting changes of stles in about.html page

commit 7d85e8ad80c0b66819dcb9dc137d936356fddc23
Author: DixieNormous305 <9406019@alumnos.ufv.es>
Date:   Sat Dec 28 13:02:40 2024 +0100

    adding about.html page and other changes

commit 5e0b67c15df30e04fa96cc0480d74a0837b279c4
Author: DixieNormous305 <9406019@alumnos.ufv.es>
Date:   Sat Dec 28 12:50:37 2024 +0100

    adding about.html page and other changes

commit 9f166bcd6d5221e5ae7c6ef29454f00712677c15
Author: DixieNormous305 <9406019@alumnos.ufv.es>
Date:   Sat Dec 28 12:42:13 2024 +0100

    adding about.html page and other changes

commit fd2bf285e5f1bcd3d159549cf64876dcf14c849b
Author: DixieNormous305 <9406019@alumnos.ufv.es>
Date:   Fri Dec 27 18:31:18 2024 +0100

    Adding css files and some changes in README file

commit 4d9cf85b0d80e075332a9e54f0f6aeb86dab7ad3
Author: DixieNormous305 <9406019@alumnos.ufv.es>
Date:   Fri Dec 27 17:46:15 2024 +0100

    Adding css file and some changes in README file

commit 2cb456c124936af3e188292da8a87f2cc6ecdd39
Author: DixieNormous305 <9406019@alumnos.ufv.es>
Date:   Fri Dec 27 16:57:42 2024 +0100

    added new icons

commit 2af51c0c6f740e45d1a8a7a8e5b4a75552e4e837
Author: DixieNormous305 <9406019@alumnos.ufv.es>
Date:   Fri Dec 27 16:49:19 2024 +0100

    added animation to some hovers

commit 8d8d3c62e7b140f0f2f3f2828a601277a2bffb7a
Author: DixieNormous305 <9406019@alumnos.ufv.es>
Date:   Fri Dec 27 16:47:42 2024 +0100

    updated README file

commit acd9a223d6a947bab97bfb40e628ea40e5c0e6be
Author: DixieNormous305 <9406019@alumnos.ufv.es>
Date:   Fri Dec 27 16:46:04 2024 +0100

    changed colors

commit 8d812a0df1939778f34656b1292c06e654ec5b40
Author: DixieNormous305 <9406019@alumnos.ufv.es>
Date:   Fri Dec 27 16:39:35 2024 +0100

    fixed errors

commit d4289dcdcd193486baf246c88fad78bb69aa8ec0
Author: DixieNormous305 <9406019@alumnos.ufv.es>
Date:   Fri Dec 27 15:14:37 2024 +0100

    fixed errors

commit 301ee8261e8fc324310aebcbb61054c3325dd043
Author: DixieNormous305 <9406019@alumnos.ufv.es>
Date:   Fri Dec 27 15:11:09 2024 +0100

    fixed errors

commit 20bc768604f127101b0ba147fbe9d14c7197a15b
Author: DixieNormous305 <9406019@alumnos.ufv.es>
Date:   Fri Dec 27 15:09:44 2024 +0100

    fixed errors

commit 50dc992498b2d09bf06726084df26c6a76de3d54
Author: DixieNormous305 <9406019@alumnos.ufv.es>
Date:   Fri Dec 27 15:07:21 2024 +0100

    fixed errors

commit a60c98bb77a864013712040e8805c9187b974d60
Author: DixieNormous305 <9406019@alumnos.ufv.es>
Date:   Fri Dec 27 15:06:06 2024 +0100

    fixed errors

commit 5d744751d4058b4b5b664eb2ec81e82aea7f908f
Author: DixieNormous305 <9406019@alumnos.ufv.es>
Date:   Fri Dec 27 14:59:55 2024 +0100

    unziped images

commit 2329f3d62d5154bc3d6fc289dedae245dee5b2d8
Author: DixieNormous305 <9406019@alumnos.ufv.es>
Date:   Fri Dec 27 14:48:59 2024 +0100

    Adding content in html and images folder

commit 0350f8f804e00643ff0d638d845e6eef099194f8
Author: DixieNormous305 <9406019@alumnos.ufv.es>
Date:   Fri Dec 27 14:30:05 2024 +0100

    Adding basic structure in html file

commit a34c7741739cb45519f36bbdb2e1f31c39762044
Author: Manuel Amorós <9406019@alumnos.ufv.es>
Date:   Fri Dec 27 14:19:28 2024 +0100

    Initial commit
